[    0.000000] Linux version 4.15.0-212-generic (buildd@lcy02-amd64-083) (gcc version 7.5.0 (Ubuntu 7.5.0-3ubuntu1~18.04)) #223-Ubuntu SMP Tue May 23 13:09:22 UTC 2023 (Ubuntu 4.15.0-212.223-generic 4.15.18)
[    0.000000] Command line: BOOT_IMAGE=/boot/vmlinuz-4.15.0-212-generic root=LABEL=cloudimg-rootfs ro console=tty1 console=ttyS0
[    0.000000] KERNEL supported cpus:
[    0.000000]   Intel GenuineIntel
[    0.000000]   AMD AuthenticAMD
[    0.000000]   Centaur CentaurHauls
[    0.000000] [Firmware Bug]: TSC doesn't count with P0 frequency!
[    0.000000] x86/fpu: Supporting XSAVE feature 0x001: 'x87 floating point registers'
[    0.000000] x86/fpu: Supporting XSAVE feature 0x002: 'SSE registers'
[    0.000000] x86/fpu: Supporting XSAVE feature 0x004: 'AVX registers'
[    0.000000] x86/fpu: xstate_offset[2]:  576, xstate_sizes[2]:  256
[    0.000000] x86/fpu: Enabled xstate features 0x7, context size is 832 bytes, using 'standard' format.
[    0.000000] e820: BIOS-provided physical RAM map:
[    0.000000] BIOS-e820: [mem 0x0000000000000000-0x000000000009fbff] usable
[    0.000000] BIOS-e820: [mem 0x000000000009fc00-0x000000000009ffff] reserved
[    0.000000] BIOS-e820: [mem 0x00000000000f0000-0x00000000000fffff] reserved
[    0.000000] BIOS-e820: [mem 0x0000000000100000-0x000000003ffeffff] usable
[    0.000000] BIOS-e820: [mem 0x000000003fff0000-0x000000003fffffff] ACPI data
[    0.000000] BIOS-e820: [mem 0x00000000fec00000-0x00000000fec00fff] reserved
[    0.000000] BIOS-e820: [mem 0x00000000fee00000-0x00000000fee00fff] reserved
[    0.000000] BIOS-e820: [mem 0x00000000fffc0000-0x00000000ffffffff] reserved
[    0.000000] NX (Execute Disable) protection: active
[    0.000000] SMBIOS 2.5 present.
[    0.000000] DMI: innotek GmbH VirtualBox/VirtualBox, BIOS VirtualBox 12/01/2006
[    0.000000] Hypervisor detected: KVM
[    0.000000] e820: last_pfn = 0x3fff0 max_arch_pfn = 0x400000000
[    0.000000] MTRR: Disabled
[    0.000000] x86/PAT: MTRRs disabled, skipping PAT initialization too.
[    0.000000] CPU MTRRs all blank - virtualized system.
[    0.000000] x86/PAT: Configuration [0-7]: WB  WT  UC- UC  WB  WT  UC- UC  
[    0.000000] found SMP MP-table at [mem 0x0009fff0-0x0009ffff]
[    0.000000] Scanning 1 areas for low memory corruption
[    0.000000] RAMDISK: [mem 0x359cb000-0x36cdcfff]
[    0.000000] ACPI: Early table checksum verification disabled
[    0.000000] ACPI: RSDP 0x00000000000E0000 000024 (v02 VBOX  )
[    0.000000] ACPI: XSDT 0x000000003FFF0030 00003C (v01 VBOX   VBOXXSDT 00000001 ASL  00000061)
[    0.000000] ACPI: FACP 0x000000003FFF00F0 0000F4 (v04 VBOX   VBOXFACP 00000001 ASL  00000061)
[    0.000000] ACPI: DSDT 0x000000003FFF0610 002353 (v02 VBOX   VBOXBIOS 00000002 INTL 20100528)
[    0.000000] ACPI: FACS 0x000000003FFF0200 000040
[    0.000000] ACPI: FACS 0x000000003FFF0200 000040
[    0.000000] ACPI: APIC 0x000000003FFF0240 00005C (v02 VBOX   VBOXAPIC 00000001 ASL  00000061)
[    0.000000] ACPI: SSDT 0x000000003FFF02A0 00036C (v01 VBOX   VBOXCPUT 00000002 INTL 20100528)
[    0.000000] ACPI: Reserving FACP table memory at [mem 0x3fff00f0-0x3fff01e3]
[    0.000000] ACPI: Reserving DSDT table memory at [mem 0x3fff0610-0x3fff2962]
[    0.000000] ACPI: Reserving FACS table memory at [mem 0x3fff0200-0x3fff023f]
[    0.000000] ACPI: Reserving FACS table memory at [mem 0x3fff0200-0x3fff023f]
[    0.000000] ACPI: Reserving APIC table memory at [mem 0x3fff0240-0x3fff029b]
[    0.000000] ACPI: Reserving SSDT table memory at [mem 0x3fff02a0-0x3fff060b]
[    0.000000] No NUMA configuration found
[    0.000000] Faking a node at [mem 0x0000000000000000-0x000000003ffeffff]
[    0.000000] NODE_DATA(0) allocated [mem 0x3ffc5000-0x3ffeffff]
[    0.000000] kvm-clock: cpu 0, msr 0:3ff44001, primary cpu clock
[    0.000000] kvm-clock: Using msrs 4b564d01 and 4b564d00
[    0.000000] kvm-clock: using sched offset of 5313326728 cycles
[    0.000000] clocksource: kvm-clock: mask: 0xffffffffffffffff max_cycles: 0x1cd42e4dffb, max_idle_ns: 881590591483 ns
[    0.000000] Zone ranges:
[    0.000000]   DMA      [mem 0x0000000000001000-0x0000000000ffffff]
[    0.000000]   DMA32    [mem 0x0000000001000000-0x000000003ffeffff]
[    0.000000]   Normal   empty
[    0.000000]   Device   empty
[    0.000000] Movable zone start for each node
[    0.000000] Early memory node ranges
[    0.000000]   node   0: [mem 0x0000000000001000-0x000000000009efff]
[    0.000000]   node   0: [mem 0x0000000000100000-0x000000003ffeffff]
[    0.000000] Reserved but unavailable: 104 pages
[    0.000000] Initmem setup node 0 [mem 0x0000000000001000-0x000000003ffeffff]
[    0.000000] ACPI: PM-Timer IO Port: 0x4008
[    0.000000] IOAPIC[0]: apic_id 2, version 32, address 0xfec00000, GSI 0-23
[    0.000000] ACPI: INT_SRC_OVR (bus 0 bus_irq 0 global_irq 2 dfl dfl)
[    0.000000] ACPI: INT_SRC_OVR (bus 0 bus_irq 9 global_irq 9 low level)
[    0.000000] Using ACPI (MADT) for SMP configuration information
[    0.000000] smpboot: Allowing 2 CPUs, 0 hotplug CPUs
[    0.000000] PM: Registered nosave memory: [mem 0x00000000-0x00000fff]
[    0.000000] PM: Registered nosave memory: [mem 0x0009f000-0x0009ffff]
[    0.000000] PM: Registered nosave memory: [mem 0x000a0000-0x000effff]
[    0.000000] PM: Registered nosave memory: [mem 0x000f0000-0x000fffff]
[    0.000000] e820: [mem 0x40000000-0xfebfffff] available for PCI devices
[    0.000000] Booting paravirtualized kernel on KVM
[    0.000000] clocksource: refined-jiffies: mask: 0xffffffff max_cycles: 0xffffffff, max_idle_ns: 7645519600211568 ns
[    0.000000] setup_percpu: NR_CPUS:8192 nr_cpumask_bits:2 nr_cpu_ids:2 nr_node_ids:1
[    0.000000] percpu: Embedded 50 pages/cpu s167936 r8192 d28672 u1048576
[    0.000000] PV qspinlock hash table entries: 256 (order: 0, 4096 bytes)
[    0.000000] Built 1 zonelists, mobility grouping on.  Total pages: 257913
[    0.000000] Policy zone: DMA32
[    0.000000] Kernel command line: BOOT_IMAGE=/boot/vmlinuz-4.15.0-212-generic root=LABEL=cloudimg-rootfs ro console=tty1 console=ttyS0
[    0.000000] Memory: 982644K/1048120K available (12300K kernel code, 2477K rwdata, 4324K rodata, 2480K init, 2720K bss, 65476K reserved, 0K cma-reserved)
[    0.000000] SLUB: HWalign=64, Order=0-3, MinObjects=0, CPUs=2, Nodes=1
[    0.000000] ftrace: allocating 39508 entries in 155 pages
[    0.004000] Hierarchical RCU implementation.
[    0.004000] 	RCU restricting CPUs from NR_CPUS=8192 to nr_cpu_ids=2.
[    0.004000] 	Tasks RCU enabled.
[    0.004000] RCU: Adjusting geometry for rcu_fanout_leaf=16, nr_cpu_ids=2
[    0.004000] NR_IRQS: 524544, nr_irqs: 440, preallocated irqs: 16
[    0.004000] random: crng init done
[    0.004000] Console: colour VGA+ 80x25
[    0.004000] console [tty1] enabled
[    0.004000] console [ttyS0] enabled
[    0.004000] ACPI: Core revision 20170831
[    0.004000] ACPI: 2 ACPI AML tables successfully acquired and loaded
[    0.004000] APIC: Switch to symmetric I/O mode setup
[    0.004000] x2apic enabled
[    0.004000] Switched APIC routing to physical x2apic.
[    0.004000] ..TIMER: vector=0x30 apic1=0 pin1=2 apic2=-1 pin2=-1
[    0.004000] tsc: Detected 3493.476 MHz processor
[    0.004000] Calibrating delay loop (skipped) preset value.. 6986.95 BogoMIPS (lpj=13973904)
[    0.004000] pid_max: default: 32768 minimum: 301
[    0.004135] Security Framework initialized
[    0.006456] Yama: becoming mindful.
[    0.008000] AppArmor: AppArmor initialized
[    0.009585] Dentry cache hash table entries: 131072 (order: 8, 1048576 bytes)
[    0.012148] Inode-cache hash table entries: 65536 (order: 7, 524288 bytes)
[    0.015598] Mount-cache hash table entries: 2048 (order: 2, 16384 bytes)
[    0.016030] Mountpoint-cache hash table entries: 2048 (order: 2, 16384 bytes)
[    0.020383] BIOS may not properly restore RDRAND after suspend, but hypervisor does not support hiding RDRAND via CPUID.
[    0.024069] Last level iTLB entries: 4KB 512, 2MB 1024, 4MB 512
[    0.027237] Last level dTLB entries: 4KB 1024, 2MB 1024, 4MB 512, 1GB 0
[    0.028000] Spectre V1 : Mitigation: usercopy/swapgs barriers and __user pointer sanitization
[    0.028000] Spectre V2 : Mitigation: Retpolines
[    0.028000] Spectre V2 : Spectre v2 / SpectreRSB mitigation: Filling RSB on context switch
[    0.028000] Spectre V2 : Spectre v2 / SpectreRSB : Filling RSB on VMEXIT
[    0.028000] RETBleed: Vulnerable
[    0.028000] Freeing SMP alternatives memory: 36K
[    0.160363] APIC calibration not consistent with PM-Timer: 120ms instead of 100ms
[    0.164000] APIC delta adjusted to PM-Timer: 6405386 (7748848)
[    0.164120] smpboot: CPU0: AMD A6-7480 Radeon R5, 8 Compute Cores 2C+6G (family: 0x15, model: 0x60, stepping: 0x1)
[    0.168364] Performance Events: PMU not available due to virtualization, using software events only.
[    0.172365] Hierarchical SRCU implementation.
[    0.175477] NMI watchdog: Perf event create on CPU 0 failed with -2
[    0.176012] NMI watchdog: Perf NMI watchdog permanently disabled
[    0.179852] smp: Bringing up secondary CPUs ...
[    0.180255] x86: Booting SMP configuration:
[    0.183477] .... node  #0, CPUs:      #1
[    0.004000] kvm-clock: cpu 1, msr 0:3ff44041, secondary cpu clock
[    0.192062] smp: Brought up 1 node, 2 CPUs
[    0.194885] smpboot: Max logical packages: 1
[    0.196023] smpboot: Total of 2 processors activated (13973.90 BogoMIPS)
[    0.200254] devtmpfs: initialized
[    0.201672] x86/mm: Memory block size: 128MB
[    0.204437] evm: security.selinux
[    0.208008] evm: security.SMACK64
[    0.210017] evm: security.SMACK64EXEC
[    0.212008] evm: security.SMACK64TRANSMUTE
[    0.212011] evm: security.SMACK64MMAP
[    0.213896] evm: security.apparmor
[    0.216012] evm: security.ima
[    0.217923] evm: security.capability
[    0.224284] clocksource: jiffies: mask: 0xffffffff max_cycles: 0xffffffff, max_idle_ns: 7645041785100000 ns
[    0.228080] futex hash table entries: 512 (order: 3, 32768 bytes)
[    0.232115] pinctrl core: initialized pinctrl subsystem
[    0.236434] RTC time:  9:47:40, date: 10/01/23
[    0.242550] NET: Registered protocol family 16
[    0.244000] audit: initializing netlink subsys (disabled)
[    0.244063] audit: type=2000 audit(1696153666.526:1): state=initialized audit_enabled=0 res=1
[    0.248073] cpuidle: using governor ladder
[    0.249324] cpuidle: using governor menu
[    0.252115] ACPI: bus type PCI registered
[    0.253320] acpiphp: ACPI Hot Plug PCI Controller Driver version: 0.5
[    0.256233] PCI: Using configuration type 1 for base access
[    0.256233] PCI: Using configuration type 1 for extended access
[    0.268321] HugeTLB registered 2.00 MiB page size, pre-allocated 0 pages
[    0.272322] ACPI: Added _OSI(Module Device)
[    0.276018] ACPI: Added _OSI(Processor Device)
[    0.278437] ACPI: Added _OSI(3.0 _SCP Extensions)
[    0.280014] ACPI: Added _OSI(Processor Aggregator Device)
[    0.284018] ACPI: Added _OSI(Linux-Dell-Video)
[    0.288017] ACPI: Added _OSI(Linux-Lenovo-NV-HDMI-Audio)
[    0.291628] ACPI: Added _OSI(Linux-HPI-Hybrid-Graphics)
[    0.292770] ACPI: Executed 1 blocks of module-level executable AML code
[    0.303458] ACPI: Interpreter enabled
[    0.304090] ACPI: (supports S0 S5)
[    0.308015] ACPI: Using IOAPIC for interrupt routing
[    0.311595] PCI: Using host bridge windows from ACPI; if necessary, use "pci=nocrs" and report a bug
[    0.312581] ACPI: Enabled 2 GPEs in block 00 to 07
[    0.330280] ACPI: PCI Root Bridge [PCI0] (domain 0000 [bus 00-ff])
[    0.332067] acpi PNP0A03:00: _OSC: OS supports [ExtendedConfig ASPM ClockPM Segments MSI]
[    0.338023] acpi PNP0A03:00: _OSC: platform does not support [PCIeCapability]
[    0.341034] acpi PNP0A03:00: _OSC: not requesting control; platform does not support [PCIeCapability]
[    0.344017] acpi PNP0A03:00: _OSC: OS requested [PCIeHotplug PME AER PCIeCapability]
[    0.348019] acpi PNP0A03:00: _OSC: platform willing to grant [PCIeHotplug PME AER]
[    0.352017] acpi PNP0A03:00: _OSC failed (AE_SUPPORT); disabling ASPM
[    0.357329] PCI host bridge to bus 0000:00
[    0.360017] pci_bus 0000:00: root bus resource [io  0x0000-0x0cf7 window]
[    0.364019] pci_bus 0000:00: root bus resource [io  0x0d00-0xffff window]
[    0.368020] pci_bus 0000:00: root bus resource [mem 0x000a0000-0x000bffff window]
[    0.372019] pci_bus 0000:00: root bus resource [mem 0x40000000-0xfdffffff window]
[    0.376019] pci_bus 0000:00: root bus resource [bus 00-ff]
[    0.385707] pci 0000:00:01.1: legacy IDE quirk: reg 0x10: [io  0x01f0-0x01f7]
[    0.388052] pci 0000:00:01.1: legacy IDE quirk: reg 0x14: [io  0x03f6]
[    0.391153] pci 0000:00:01.1: legacy IDE quirk: reg 0x18: [io  0x0170-0x0177]
[    0.392019] pci 0000:00:01.1: legacy IDE quirk: reg 0x1c: [io  0x0376]
[    0.452774] pci 0000:00:07.0: quirk: [io  0x4000-0x403f] claimed by PIIX4 ACPI
[    0.456049] pci 0000:00:07.0: quirk: [io  0x4100-0x410f] claimed by PIIX4 SMB
[    0.475387] ACPI: PCI Interrupt Link [LNKA] (IRQs 5 9 10 *11)
[    0.476660] ACPI: PCI Interrupt Link [LNKB] (IRQs 5 9 *10 11)
[    0.480253] ACPI: PCI Interrupt Link [LNKC] (IRQs 5 *9 10 11)
[    0.484243] ACPI: PCI Interrupt Link [LNKD] (IRQs 5 9 10 *11)
[    0.488802] SCSI subsystem initialized
[    0.491419] pci 0000:00:02.0: vgaarb: setting as boot VGA device
[    0.491419] pci 0000:00:02.0: vgaarb: VGA device added: decodes=io+mem,owns=io+mem,locks=none
[    0.492023] pci 0000:00:02.0: vgaarb: bridge control possible
[    0.496012] vgaarb: loaded
[    0.500069] ACPI: bus type USB registered
[    0.504130] usbcore: registered new interface driver usbfs
[    0.508099] usbcore: registered new interface driver hub
[    0.512051] usbcore: registered new device driver usb
[    0.520166] EDAC MC: Ver: 3.0.0
[    0.524406] PCI: Using ACPI for IRQ routing
[    0.524870] NetLabel: Initializing
[    0.528012] NetLabel:  domain hash size = 128
[    0.530578] NetLabel:  protocols = UNLABELED CIPSOv4 CALIPSO
[    0.536046] NetLabel:  unlabeled traffic allowed by default
[    0.544983] clocksource: Switched to clocksource kvm-clock
[    0.660845] VFS: Disk quotas dquot_6.6.0
[    0.675472] VFS: Dquot-cache hash table entries: 512 (order 0, 4096 bytes)
[    0.682086] AppArmor: AppArmor Filesystem Enabled
[    0.686649] pnp: PnP ACPI init
[    0.691803] pnp: PnP ACPI: found 3 devices
[    0.722232] clocksource: acpi_pm: mask: 0xffffff max_cycles: 0xffffff, max_idle_ns: 2085701024 ns
[    0.725465] NET: Registered protocol family 2
[    0.726786] IP idents hash table entries: 16384 (order: 5, 131072 bytes)
[    0.730201] TCP established hash table entries: 8192 (order: 4, 65536 bytes)
[    0.740950] TCP bind hash table entries: 8192 (order: 5, 131072 bytes)
[    0.744191] TCP: Hash tables configured (established 8192 bind 8192)
[    0.749371] UDP hash table entries: 512 (order: 2, 16384 bytes)
[    0.752696] UDP-Lite hash table entries: 512 (order: 2, 16384 bytes)
[    0.757103] NET: Registered protocol family 1
[    0.759553] pci 0000:00:00.0: Limiting direct PCI/PCI transfers
[    0.764039] pci 0000:00:01.0: Activating ISA DMA hang workarounds
[    0.769066] pci 0000:00:02.0: Video device with shadowed ROM at [mem 0x000c0000-0x000dffff]
[    0.776122] Unpacking initramfs...
[    1.499928] Freeing initrd memory: 19528K
[    1.502294] clocksource: tsc: mask: 0xffffffffffffffff max_cycles: 0x325b3e260bc, max_idle_ns: 440795317334 ns
[    1.507950] platform rtc_cmos: registered platform RTC device (no PNP device found)
[    1.513418] Scanning for low memory corruption every 60 seconds
[    1.519046] Initialise system trusted keyrings
[    1.521346] Key type blacklist registered
[    1.523856] workingset: timestamp_bits=36 max_order=18 bucket_order=0
[    1.531047] zbud: loaded
[    1.533596] squashfs: version 4.0 (2009/01/31) Phillip Lougher
[    1.538032] fuse init (API version 7.26)
[    1.553466] Key type asymmetric registered
[    1.555702] Asymmetric key parser 'x509' registered
[    1.563129] Block layer SCSI generic (bsg) driver version 0.4 loaded (major 246)
[    1.567690] io scheduler noop registered
[    1.569808] io scheduler deadline registered
[    1.572304] io scheduler cfq registered (default)
[    1.575832] ACPI: AC Adapter [AC] (on-line)
[    1.577447] input: Power Button as /devices/LNXSYSTM:00/LNXPWRBN:00/input/input0
[    1.579956] ACPI: Power Button [PWRF]
[    1.582255] input: Sleep Button as /devices/LNXSYSTM:00/LNXSLPBN:00/input/input1
[    1.586066] ACPI: Sleep Button [SLPF]
[    1.589338] Serial: 8250/16550 driver, 32 ports, IRQ sharing enabled
[    1.615220] 00:02: ttyS0 at I/O 0x3f8 (irq = 4, base_baud = 115200) is a 16550A
[    1.631694] Linux agpgart interface v0.103
[    1.639685] loop: module loaded
[    1.644779] scsi host0: ata_piix
[    1.646841] scsi host1: ata_piix
[    1.650301] ata1: PATA max UDMA/33 cmd 0x1f0 ctl 0x3f6 bmdma 0xd000 irq 14
[    1.654204] ata2: PATA max UDMA/33 cmd 0x170 ctl 0x376 bmdma 0xd008 irq 15
[    1.660093] tun: Universal TUN/TAP device driver, 1.6
[    1.663174] PPP generic driver version 2.4.2
[    1.665839] ehci_hcd: USB 2.0 'Enhanced' Host Controller (EHCI) Driver
[    1.669444] ehci-pci: EHCI PCI platform driver
[    1.671562] ehci-platform: EHCI generic platform driver
[    1.674314] ohci_hcd: USB 1.1 'Open' Host Controller (OHCI) Driver
[    1.678495] ohci-pci: OHCI PCI platform driver
[    1.681330] ohci-platform: OHCI generic platform driver
[    1.682454] uhci_hcd: USB Universal Host Controller Interface driver
[    1.685782] i8042: PNP: PS/2 Controller [PNP0303:PS2K,PNP0f03:PS2M] at 0x60,0x64 irq 1,12
[    1.688787] serio: i8042 KBD port at 0x60,0x64 irq 1
[    1.690294] serio: i8042 AUX port at 0x60,0x64 irq 12
[    1.693145] mousedev: PS/2 mouse device common for all mice
[    1.696854] input: AT Translated Set 2 keyboard as /devices/platform/i8042/serio0/input/input2
[    1.700301] rtc_cmos rtc_cmos: rtc core: registered rtc_cmos as rtc0
[    1.704418] rtc_cmos rtc_cmos: alarms up to one day, 114 bytes nvram
[    1.708946] i2c /dev entries driver
[    1.710736] device-mapper: uevent: version 1.0.3
[    1.713254] device-mapper: ioctl: 4.37.0-ioctl (2017-09-20) initialised: dm-devel@redhat.com
[    1.718712] ledtrig-cpu: registered to indicate activity on CPUs
[    1.724110] x86/pm: family 0x15 cpu detected, MSR saving is needed during suspending.
[    1.730918] NET: Registered protocol family 10
[    1.744972] Segment Routing with IPv6
[    1.746985] NET: Registered protocol family 17
[    1.748854] Key type dns_resolver registered
[    1.751494] mce: Using 0 MCE banks
[    1.753848] RAS: Correctable Errors collector initialized.
[    1.758505] sched_clock: Marking stable (1758396586, 0)->(2334319116, -575922530)
[    1.763441] registered taskstats version 1
[    1.765597] Loading compiled-in X.509 certificates
[    1.773818] Loaded X.509 cert 'Build time autogenerated kernel key: b5b26778eaa3ab3a4a6cee031137706e947d12ad'
[    1.781685] Loaded X.509 cert 'Canonical Ltd. Live Patch Signing: 14df34d1a87cf37625abec039ef2bf521249b969'
[    1.788768] Loaded X.509 cert 'Canonical Ltd. Kernel Module Signing: 88f752e560a1e0737e31163a466ad7b70a850c19'
[    1.794347] blacklist: Loading compiled-in revocation X.509 certificates
[    1.799086] Loaded X.509 cert 'Canonical Ltd. Secure Boot Signing: 61482aa2830d0ab2ad5af10b7250da9033ddcef0'
[    1.804938] Loaded X.509 cert 'Canonical Ltd. Secure Boot Signing (2017): 242ade75ac4a15e50d50c84b0d45ff3eae707a03'
[    1.809957] Loaded X.509 cert 'Canonical Ltd. Secure Boot Signing (ESM 2018): 365188c1d374d6b07c3c8f240f8ef722433d6a8b'
[    1.813261] Loaded X.509 cert 'Canonical Ltd. Secure Boot Signing (2019): c0746fd6c5da3ae827864651ad66ae47fe24b3e8'
[    1.816453] Loaded X.509 cert 'Canonical Ltd. Secure Boot Signing (2021 v1): a8d54bbb3825cfb94fa13c9f8a594a195c107b8d'
[    1.819616] Loaded X.509 cert 'Canonical Ltd. Secure Boot Signing (2021 v2): 4cf046892d6fd3c9a5b03f98d845f90851dc6a8c'
[    1.828362] Loaded X.509 cert 'Canonical Ltd. Secure Boot Signing (2021 v3): 100437bb6de6e469b581e61cd66bce3ef4ed53af'
[    1.831922] Loaded X.509 cert 'Canonical Ltd. Secure Boot Signing (Ubuntu Core 2019): c1d57b8f6b743f23ee41f4f7ee292f06eecadfb9'
[    1.835203] zswap: loaded using pool lzo/zbud
[    1.851940] Key type big_key registered
[    1.854033] Key type trusted registered
[    1.858034] Key type encrypted registered
[    1.860411] AppArmor: AppArmor sha1 policy hashing enabled
[    1.863340] ima: No TPM chip found, activating TPM-bypass! (rc=-19)
[    1.866612] ima: Allocated hash algorithm: sha1
[    1.868991] evm: HMAC attrs: 0x1
[    1.872726]   Magic number: 11:288:777
[    1.875916] misc rfkill: hash matches
[    1.879566] rtc_cmos rtc_cmos: setting system clock to 2023-10-01 09:47:41 UTC (1696153661)
[    1.887342] BIOS EDD facility v0.16 2004-Jun-25, 0 devices found
[    1.894682] EDD information not available.
[    1.907656] Freeing unused kernel image memory: 2480K
[    1.928082] Write protecting the kernel read-only data: 20480k
[    1.933942] Freeing unused kernel image memory: 2008K
[    1.946193] Freeing unused kernel image memory: 1820K
[    1.971140] x86/mm: Checked W+X mappings: passed, no W+X pages found.
Loading, please wait...
starting version 237
[    2.295264] Fusion MPT base driver 3.04.20
[    2.298318] Copyright (c) 1999-2008 LSI Corporation
[    2.301826] e1000: Intel(R) PRO/1000 Network Driver - version 7.3.21-k8-NAPI
[    2.307821] e1000: Copyright (c) 1999-2006 Intel Corporation.
[    2.317377] Fusion MPT SPI Host driver 3.04.20
[    2.346154] mptbase: ioc0: Initiating bringup
[    2.372685] AVX2 version of gcm_enc/dec engaged.
[    2.374889] AES CTR mode by8 optimization enabled
[    2.498578] ioc0: LSI53C1030 A0: Capabilities={Initiator}
[    2.535639] input: ImExPS/2 Generic Explorer Mouse as /devices/platform/i8042/serio1/input/input4
[    2.808749] scsi host2: ioc0: LSI53C1030 A0, FwRev=00000000h, Ports=1, MaxQ=256, IRQ=20
[    4.140909] scsi 2:0:0:0: Direct-Access     VBOX     HARDDISK         1.0  PQ: 0 ANSI: 5
[    4.180190] scsi target2:0:0: Beginning Domain Validation
[    4.189584] scsi target2:0:0: Domain Validation skipping write tests
[    4.192115] scsi target2:0:0: Ending Domain Validation
[    4.193800] scsi target2:0:0: asynchronous
[    4.196210] scsi 2:0:1:0: Direct-Access     VBOX     HARDDISK         1.0  PQ: 0 ANSI: 5
[    4.553355] scsi target2:0:1: Beginning Domain Validation
[    4.557285] scsi target2:0:1: Domain Validation skipping write tests
[    4.560006] scsi target2:0:1: Ending Domain Validation
[    4.562373] scsi target2:0:1: asynchronous
[    4.571356] sd 2:0:0:0: Attached scsi generic sg0 type 0
[    4.573491] sd 2:0:0:0: [sda] 83886080 512-byte logical blocks: (42.9 GB/40.0 GiB)
[    4.575981] sd 2:0:0:0: [sda] Write Protect is off
[    4.577489] sd 2:0:1:0: Attached scsi generic sg1 type 0
[    4.583094] sd 2:0:1:0: [sdb] 20480 512-byte logical blocks: (10.5 MB/10.0 MiB)
[    4.589634] sd 2:0:0:0: [sda] Incomplete mode parameter data
[    4.591360] sd 2:0:0:0: [sda] Assuming drive cache: write through
[    4.593838] sd 2:0:1:0: [sdb] Write Protect is off
[    4.596649] sd 2:0:1:0: [sdb] Incomplete mode parameter data
[    4.599035] sd 2:0:1:0: [sdb] Assuming drive cache: write through
[    4.646052]  sda: sda1
[    4.650374] sd 2:0:0:0: [sda] Attached SCSI disk
[    4.653068] sd 2:0:1:0: [sdb] Attached SCSI disk
[    4.771876] e1000 0000:00:03.0 eth0: (PCI:33MHz:32-bit) 02:3b:7b:b7:3b:2d
[    4.774007] e1000 0000:00:03.0 eth0: Intel(R) PRO/1000 Network Connection
[    4.779098] e1000 0000:00:03.0 enp0s3: renamed from eth0
Begin: Loading essential drivers ... [    6.376436] raid6: sse2x1   gen()  6161 MB/s
[    6.424091] raid6: sse2x1   xor()  4492 MB/s
[    6.472222] raid6: sse2x2   gen()  4833 MB/s
[    6.520437] raid6: sse2x2   xor()  5859 MB/s
[    6.568359] raid6: sse2x4   gen()  3181 MB/s
[    6.616504] raid6: sse2x4   xor()  4112 MB/s
[    6.668921] raid6: avx2x1   gen()  4075 MB/s
[    6.716514] raid6: avx2x1   xor()  5306 MB/s
[    6.764182] raid6: avx2x2   gen()  2058 MB/s
[    6.812319] raid6: avx2x2   xor()  5502 MB/s
[    6.860310] raid6: avx2x4   gen()  2194 MB/s
[    6.908232] raid6: avx2x4   xor()  4127 MB/s
[    6.909574] raid6: using algorithm sse2x1 gen() 6161 MB/s
[    6.912090] raid6: .... xor() 4492 MB/s, rmw enabled
[    6.913526] raid6: using avx2x2 recovery algorithm
[    6.916736] xor: automatically using best checksumming function   avx       
[    6.921988] async_tx: api initialized (async)
done.
Begin: Running /scripts/init-premount ... done.
Begin: Mounting root file system ... Begin: Running /scripts/local-top ... done.
Begin: Running /scripts/local-premount ... [    7.006198] Btrfs loaded, crc32c=crc32c-intel
Scanning for Btrfs filesystems
done.
Warning: fsck not present, so skipping root file system
[    7.250502] EXT4-fs (sda1): mounted filesystem with ordered data mode. Opts: (null)
done.
Begin: Running /scripts/local-bottom ... done.
Begin: Running /scripts/init-bottom ... done.
[    7.662180] ip_tables: (C) 2000-2006 Netfilter Core Team
[    7.693108] systemd[1]: systemd 237 running in system mode. (+PAM +AUDIT +SELINUX +IMA +APPARMOR +SMACK +SYSVINIT +UTMP +LIBCRYPTSETUP +GCRYPT +GNUTLS +ACL +XZ +LZ4 +SECCOMP +BLKID +ELFUTILS +KMOD -IDN2 +IDN -PCRE2 default-hierarchy=hybrid)
[    7.707344] systemd[1]: Detected virtualization oracle.
[    7.709045] systemd[1]: Detected architecture x86-64.

Welcome to [1mUbuntu 18.04.6 LTS[0m!

[    7.771232] systemd[1]: Set hostname to <ubuntu>.
[    7.777545] systemd[1]: Initializing machine ID from random generator.
[    7.781278] systemd[1]: Installed transient /etc/machine-id file.
[    8.473596] systemd[1]: Reached target User and Group Name Lookups.
[[0;32m  OK  [0m] Reached target User and Group Name Lookups.
[    8.481017] systemd[1]: Reached target Mounting snaps.
[[0;32m  OK  [0m] Reached target Mounting snaps.
[    8.484581] systemd[1]: Reached target Mounted snaps.
[[0;32m  OK  [0m] Reached target Mounted snaps.
[    8.488246] systemd[1]: Set up automount Arbitrary Executable File Formats File System Automount Point.
[[0;32m  OK  [0m] Set up automount Arbitrary Executab…rmats File System Automount Point.
[[0;32m  OK  [0m] Started Forward Password Requests to Wall Directory Watch.
[[0;32m  OK  [0m] Reached target System Time Synchronized.
[[0;32m  OK  [0m] Reached target Swap.
[[0;32m  OK  [0m] Created slice System Slice.
[[0;32m  OK  [0m] Created slice system-serial\x2dgetty.slice.
[[0;32m  OK  [0m] Listening on Syslog Socket.
[[0;32m  OK  [0m] Listening on Journal Socket.
         Starting Uncomplicated firewall...
[[0;32m  OK  [0m] Listening on Journal Audit Socket.
[[0;32m  OK  [0m] Listening on LVM2 poll daemon socket.
[[0;32m  OK  [0m] Listening on Network Service Netlink Socket.
         Starting Load Kernel Modules...
         Starting Set the console keyboard layout...
         Mounting Huge Pages File System...
[[0;32m  OK  [0m] Listening on udev Control Socket.
         Mounting POSIX Message Queue File System...
[[0;32m  OK  [0m] Listening on Journal Socket (/dev/log).
         Starting Journal Service...
[[0;32m  OK  [0m] Listening on udev Kernel Socket.
[[0;32m  OK  [0m] Listening on LVM2 metadata daemon socket.
[[0;32m  OK  [0m] Listening on /dev/initctl Compatibility Named Pipe.
         Starting Create list of required st…ce nodes for the current kernel...
[[0;32m  OK  [0m] Listening on fsck to fsckd communication Socket.
         Starting File System Check on Root Device...
         Starting udev Coldplug all Devices...
[[0;32m  OK  [0m] Created slice User and Session Slice.
[[0;32m  OK  [0m] Reached target Slices.
[[0;32m  OK  [0m] Listening on Device-mapper event daemon FIFOs.
         Starting Monitoring of LVM2 mirrors…ng dmeventd or progress polling...
         Mounting Kernel Debug File System...
[[0;32m  OK  [0m] Started Uncomplicated firewall.
[[0;32m  OK  [0m] Started Create list of required sta…vice nodes for the current kernel.
         Starting Create Static Device Nodes in /dev...
[[0;32m  OK  [0m] Started Journal Service.
[    8.693493] Loading iSCSI transport class v2.0-870.
[[0;32m  OK  [0m] Started File System Check Daemon to report status.
[[0;32m  OK  [0m] Mounted Huge Pages File System.
[[0;32m  OK  [0m] Mounted POSIX Message Queue File System.
[[0;32m  OK  [0m] Mounted Kernel Debug File System.
[[0;32m  OK  [0m] Started udev Coldplug all Devices.
[    8.842836] iscsi: registered transport (tcp)
[[0;32m  OK  [0m] Started File System Check on Root Device.
         Starting Remount Root and Kernel File Systems...
[[0;32m  OK  [0m] Started Create Static Device Nodes in /dev.
[[0;32m  OK  [0m] Started LVM2 metadata daemon.
[    8.965770] iscsi: registered transport (iser)
[[0;32m  OK  [0m] Started Load Kernel Modules.
         Starting Apply Kernel Variables...
         Mounting FUSE Control File System...
         Mounting Kernel Configuration File System...
[[0;32m  OK  [0m] Mounted FUSE Control File System.
[[0;32m  OK  [0m] Mounted Kernel Configuration File System.
[[0;32m  OK  [0m] Started Remount Root and Kernel File Systems.
         Starting udev Kernel Device Manager...
         Starting Load/Save Random Seed...
         Starting Flush Journal to Persistent Storage...
[[0;32m  OK  [0m] Started Monitoring of LVM2 mirrors,…sing dmeventd or progress polling.
[[0;32m  OK  [0m] Started Apply Kernel Variables.
[[0;32m  OK  [0m] Started udev Kernel Device Manager.
[[0;32m  OK  [0m] Started Load/Save Random Seed.
[[0;32m  OK  [0m] Started Flush Journal to Persistent Storage.
[[0;32m  OK  [0m] Found device /dev/ttyS0.
[[0;32m  OK  [0m] Listening on Load/Save RF Kill Switch Status /dev/rfkill Watch.
         Mounting Arbitrary Executable File Formats File System...
[[0;32m  OK  [0m] Mounted Arbitrary Executable File Formats File System.
[[0;32m  OK  [0m] Started Set the console keyboard layout.
[[0;32m  OK  [0m] Reached target Local File Systems (Pre).
[[0;32m  OK  [0m] Reached target Local File Systems.
         Starting Set console font and keymap...
         Starting Commit a transient machine-id on disk...
         Starting Create Volatile Files and Directories...
         Starting AppArmor initialization...
         Starting Tell Plymouth To Write Out Runtime Data...
         Starting ebtables ruleset management...
[[0;32m  OK  [0m] Started Dispatch Password Requests to Console Directory Watch.
[[0;32m  OK  [0m] Reached target Local Encrypted Volumes.
[[0;32m  OK  [0m] Started Create Volatile Files and Directories.
         Starting Update UTMP about System Boot/Shutdown...
[[0;32m  OK  [0m] Started Tell Plymouth To Write Out Runtime Data.
[[0;32m  OK  [0m] Started Update UTMP about System Boot/Shutdown.
[[0;32m  OK  [0m] Started Commit a transient machine-id on disk.
[[0;32m  OK  [0m] Started ebtables ruleset management.
[[0;32m  OK  [0m] Started Set console font and keymap.
[[0;32m  OK  [0m] Started AppArmor initialization.
         Starting Load AppArmor profiles managed internally by snapd...
         Starting Initial cloud-init job (pre-networking)...
[[0;32m  OK  [0m] Started Load AppArmor profiles managed internally by snapd.
[   17.327169] cloud-init[844]: Cloud-init v. 23.1.2-0ubuntu0~18.04.1 running 'init-local' at Sun, 01 Oct 2023 09:47:55 +0000. Up 16.23 seconds.
[[0;32m  OK  [0m] Started Initial cloud-init job (pre-networking).
[[0;32m  OK  [0m] Reached target Network (Pre).
         Starting Network Service...
[[0;32m  OK  [0m] Started Network Service.
         Starting Network Name Resolution...
         Starting Wait for Network to be Configured...
[[0;32m  OK  [0m] Started Network Name Resolution.
[[0;32m  OK  [0m] Reached target Host and Network Name Lookups.
[[0;32m  OK  [0m] Reached target Network.
[[0;32m  OK  [0m] Started Wait for Network to be Configured.
         Starting Initial cloud-init job (metadata service crawler)...
[   21.592390] cloud-init[957]: Cloud-init v. 23.1.2-0ubuntu0~18.04.1 running 'init' at Sun, 01 Oct 2023 09:48:00 +0000. Up 20.87 seconds.
[   21.603910] cloud-init[957]: ci-info: ++++++++++++++++++++++++++++++++++++++Net device info++++++++++++++++++++++++++++++++++++++
[   21.608195] cloud-init[957]: ci-info: +--------+------+----------------------------+---------------+--------+-------------------+
[   21.616083] cloud-init[957]: ci-info: | Device |  Up  |          Address           |      Mask     | Scope  |     Hw-Address    |
[   21.628291] cloud-init[957]: ci-info: +--------+------+----------------------------+---------------+--------+-------------------+
[   21.633279] cloud-init[957]: ci-info: | enp0s3 | True |         10.0.2.15          | 255.255.255.0 | global | 02:3b:7b:b7:3b:2d |
[   21.638751] cloud-init[957]: ci-info: | enp0s3 | True | fe80::3b:7bff:feb7:3b2d/64 |       .       |  link  | 02:3b:7b:b7:3b:2d |
[   21.643345] cloud-init[957]: ci-info: |   lo   | True |         127.0.0.1          |   255.0.0.0   |  host  |         .         |
[   21.649180] cloud-init[957]: ci-info: |   lo   | True |          ::1/128           |       .       |  host  |         .         |
[   21.655070] cloud-init[957]: ci-info: +--------+------+----------------------------+---------------+--------+-------------------+
[   21.660690] cloud-init[957]: ci-info: ++++++++++++++++++++++++++++Route IPv4 info+++++++++++++++++++++++++++++
[   21.665800] cloud-init[957]: ci-info: +-------+-------------+----------+-----------------+-----------+-------+
[   21.669714] cloud-init[957]: ci-info: | Route | Destination | Gateway  |     Genmask     | Interface | Flags |
[   21.674520] cloud-init[957]: ci-info: +-------+-------------+----------+-----------------+-----------+-------+
[   21.678546] cloud-init[957]: ci-info: |   0   |   0.0.0.0   | 10.0.2.2 |     0.0.0.0     |   enp0s3  |   UG  |
[   21.683684] cloud-init[957]: ci-info: |   1   |   10.0.2.0  | 0.0.0.0  |  255.255.255.0  |   enp0s3  |   U   |
[   21.686322] cloud-init[957]: ci-info: |   2   |   10.0.2.2  | 0.0.0.0  | 255.255.255.255 |   enp0s3  |   UH  |
[   21.689089] cloud-init[957]: ci-info: +-------+-------------+----------+-----------------+-----------+-------+
[   21.691452] cloud-init[957]: ci-info: +++++++++++++++++++Route IPv6 info+++++++++++++++++++
[   21.693982] cloud-init[957]: ci-info: +-------+-------------+---------+-----------+-------+
[   21.699312] cloud-init[957]: ci-info: | Route | Destination | Gateway | Interface | Flags |
[   21.703346] cloud-init[957]: ci-info: +-------+-------------+---------+-----------+-------+
[   21.706859] cloud-init[957]: ci-info: |   1   |  fe80::/64  |    ::   |   enp0s3  |   U   |
[   21.709230] cloud-init[957]: ci-info: |   3   |    local    |    ::   |   enp0s3  |   U   |
[   21.712263] cloud-init[957]: ci-info: |   4   |   ff00::/8  |    ::   |   enp0s3  |   U   |
[   21.716321] cloud-init[957]: ci-info: +-------+-------------+---------+-----------+-------+
[   24.032133] cloud-init[957]: Generating public/private rsa key pair.
[   24.048930] cloud-init[957]: Your identification has been saved in /etc/ssh/ssh_host_rsa_key.
[   24.052708] cloud-init[957]: Your public key has been saved in /etc/ssh/ssh_host_rsa_key.pub.
[   24.056274] cloud-init[957]: The key fingerprint is:
[   24.072938] cloud-init[957]: SHA256:rymbbgXrF5j0OtaHfNdW9yzRSIBixT8+agVlV1DHsMk root@ubuntu-bionic
[   24.088424] cloud-init[957]: The key's randomart image is:
[   24.090270] cloud-init[957]: +---[RSA 2048]----+
[   24.100825] cloud-init[957]: |         o..  o*+|
[   24.103029] cloud-init[957]: |        o o +..oo|
[   24.106443] cloud-init[957]: |       . . + oE  |
[   24.109544] cloud-init[957]: |      o   . o .  |
[   24.128930] cloud-init[957]: |     . *S  o o o |
[   24.132430] cloud-init[957]: |      + +.  + o +|
[   24.135041] cloud-init[957]: |     . = o.o o +o|
[   24.137556] cloud-init[957]: |      B.=o= . + o|
[   24.148768] cloud-init[957]: |     ++=o+ . . . |
[   24.150511] cloud-init[957]: +----[SHA256]-----+
[   24.152972] cloud-init[957]: Generating public/private dsa key pair.
[   24.157840] cloud-init[957]: Your identification has been saved in /etc/ssh/ssh_host_dsa_key.
[   24.174097] cloud-init[957]: Your public key has been saved in /etc/ssh/ssh_host_dsa_key.pub.
[   24.177234] cloud-init[957]: The key fingerprint is:
[   24.188718] cloud-init[957]: SHA256:auz3S9ut/iy0ugwe4GmJCIvByMjMKQudzHWhg+40PJI root@ubuntu-bionic
[   24.191864] cloud-init[957]: The key's randomart image is:
[   24.193499] cloud-init[957]: +---[DSA 1024]----+
[   24.195523] cloud-init[957]: |      .          |
[   24.197925] cloud-init[957]: |   . . .         |
[   24.200544] cloud-init[957]: |  . + .          |
[   24.203156] cloud-init[957]: |OB.o o           |
[   24.205966] cloud-init[957]: |EB@   . S        |
[   24.208419] cloud-init[957]: |+O + + =    .    |
[   24.210794] cloud-init[957]: |+ o . O o .. .   |
[   24.213329] cloud-init[957]: |     + ..= ooo   |
[   24.216086] cloud-init[957]: |      ....B=+++  |
[   24.218916] cloud-init[957]: +----[SHA256]-----+
[   24.220742] cloud-init[957]: Generating public/private ecdsa key pair.
[   24.223485] cloud-init[957]: Your identification has been saved in /etc/ssh/ssh_host_ecdsa_key.
[   24.232553] cloud-init[957]: Your public key has been saved in /etc/ssh/ssh_host_ecdsa_key.pub.
[   24.236488] cloud-init[957]: The key fingerprint is:
[   24.238613] cloud-init[957]: SHA256:6YcXAUqzrJjcYFD9xnXr4IQTcetRh5brFuPDX3DyJw8 root@ubuntu-bionic
[   24.243867] cloud-init[957]: The key's randomart image is:
[   24.246223] cloud-init[957]: +---[ECDSA 256]---+
[   24.248157] cloud-init[957]: |....  +.o .o.    |
[   24.251305] cloud-init[957]: | .  .o.=.+=.     |
[   24.256588] cloud-init[957]: |  o  o++oo.o     |
[   24.272842] cloud-init[957]: | o = .*.oo=.o .  |
[   24.274850] cloud-init[957]: |  + o. +S*.o =   |
[   24.277240] cloud-init[957]: |       ...B.  E .|
[   24.280266] cloud-init[957]: |        o.oo . = |
[   24.301067] cloud-init[957]: |         o  .   .|
[   24.303272] cloud-init[957]: |                 |
[   24.305578] cloud-init[957]: +----[SHA256]-----+
[   24.309214] cloud-init[957]: Generating public/private ed25519 key pair.
[   24.324726] cloud-init[957]: Your identification has been saved in /etc/ssh/ssh_host_ed25519_key.
[[0;32m  OK  [0m] Started Initial cloud-init job (metadata service crawler).
[   24.334109] cloud-init[957]: Your public key has been saved in /etc/ssh/ssh_host_ed25519_key.pub.
[[0;32m  OK  [0m] Reached target System Initialization.
[   24.343398] [[0;32m  OK  [0m] Started Discard unused blocks once a week.
cloud-init[957]: The key fingerprint is:
[[0;32m  OK  [0m] Started Daily Cleanup of Temporary Directories.
[   24.351980] [[0;32m  OK  [0m] Started Daily apt download activities.
cloud-init[957]: SHA256:uUhELfdPvSt8K5r46mLESCzaewgqaRLi6Lq3tLhTk9w root@ubuntu-bionic
[[0;32m  OK  [0m] Listening on D-Bus System Message Bus Socket.
[   24.360490] cloud-init[957]: The key's randomart image is:
[[0;32m  OK  [0m] Listening on Open-iSCSI iscsid Socket.
[   24.374284] cloud-init[957]: +--[ED25519 256]--+
[   24.392744] cloud-init[957]: |      ..         |
         Starting LXD - unix socket.[   24.408947] 
cloud-init[957]: |     .. o        |
[[0;32m  OK  [0m[   24.411175] cloud-init[957]: |   .  .o .   .   |
[   24.411777] cloud-init[957]: |  . o.   .. . .  |
[   24.413915] cloud-init[957]: | + = o. S  o   . |
] Listening on cloud-init hotplug hook socket.
[   24.414450] [[0;32m  OK  [0m] Listening on ACPID Listen Socket.
[cloud-init[0;32m  OK  [0m[957]: ] |= * E.o. .  . .  |Started Daily apt upgrade and clean activities.

[   24.433589] cloud-init[957]: |==.+ .. .  .   . |
[   24.436278] cloud-init[957]: |B=+.. o  . .+ o  |
[   24.440104] cloud-init[957]: |@*oo . o+o+. +.. |
[   24.442685] cloud-init[[0;32m  OK  [0m] Started ACPI Events Check.
[957]: +----[SHA256]-----+
[[0;32m  OK  [0m] Reached target Paths.
[[0;32m  OK  [0m] Listening on UUID daemon activation socket.
         Starting Socket activation for snappy daemon.
[[0;32m  OK  [0m] Started Message of the Day.
[[0;32m  OK  [0m] Started Ubuntu Advantage Timer for running repeated jobs.
[[0;32m  OK  [0m] Reached target Timers.
[[0;32m  OK  [0m] Reached target Cloud-config availability.
[[0;32m  OK  [0m] Reached target Network is Online.
[[0;32m  OK  [0m] Reached target Remote File Systems (Pre).
[[0;32m  OK  [0m] Reached target Remote File Systems.
         Starting Availability of block devices...
[[0;32m  OK  [0m] Listening on LXD - unix socket.
[[0;32m  OK  [0m] Listening on Socket activation for snappy daemon.
[[0;32m  OK  [0m] Reached target Sockets.
[[0;32m  OK  [0m] Reached target Basic System.
         Starting LXD - container startup/shutdown...
         Starting Permit User Sessions...
[[0;32m  OK  [0m] Started Regular background program processing daemon.
[[0;32m  OK  [0m] Started irqbalance daemon.
         Starting Dispatcher daemon for systemd-networkd...
         Starting Accounts Service...
         Starting Login Service...
         Starting Snap Daemon...
         Starting Pollinate to seed the pseudo random number generator...
         Starting LSB: Record successful boot for GRUB...
[[0;32m  OK  [0m] Started Deferred execution scheduler.
         Starting System Logging Service...
[[0;32m  OK  [0m] Started D-Bus System Message Bus.
         Starting Virtualbox guest utils...
         Starting LSB: automatic crash report generation...
[[0;32m  OK  [0m] Reached target Login Prompts (Pre).
[[0;32m  OK  [0m] Started FUSE filesystem for LXC.
[[0;32m  OK  [0m] Started System Logging Service.
[[0;32m  OK  [0m] Started Availability of block devices.
[[0;32m  OK  [0m] Started LXD - container startup/shutdown.
[[0;32m  OK  [0m] Started Permit User Sessions.
[[0;32m  OK  [0m] Started Login Service.
[[0;32m  OK  [0m] Started Unattended Upgrades Shutdown.
         Starting Hold until boot process finishes up...
         Starting Terminate Plymouth Boot Screen...
[[0;32m  OK  [0m] Started Hold until boot process finishes up.
[[0;32m  OK  [0m] Started Serial Getty on ttyS0.
         Starting Set console scheme...
[[0;32m  OK  [0m] Started Terminate Plymouth Boot Screen.
[[0;32m  OK  [0m] Started Set console scheme.
[[0;32m  OK  [0m] Created slice system-getty.slice.
[[0;32m  OK  [0m] Started Getty on tty1.
[[0;32m  OK  [0m] Reached target Login Prompts.
         Starting Authorization Manager...
[[0;32m  OK  [0m] Started LSB: automatic crash report generation.
[[0;32m  OK  [0m] Started LSB: Record successful boot for GRUB.
[[0;32m  OK  [0m] Started Authorization Manager.
[[0;32m  OK  [0m] Started Accounts Service.
[[0;32m  OK  [0m] Started Virtualbox guest utils.
[[0;32m  OK  [0m] Started Dispatcher daemon for systemd-networkd.
[[0;32m  OK  [0m] Started Snap Daemon.
         Starting Wait until snapd is fully seeded...
         Starting Time & Date Service...
[[0;32m  OK  [0m] Started Time & Date Service.
[[0;32m  OK  [0m] Started Pollinate to seed the pseudo random number generator.
         Starting OpenBSD Secure Shell server...
[[0;32m  OK  [0m] Started OpenBSD Secure Shell server.
[[0;32m  OK  [0m] Created slice User Slice of vagrant.
         Starting User Manager for UID 1000...
[[0;32m  OK  [0m] Started Session 1 of user vagrant.

Ubuntu 18.04.6 LTS ubuntu-bionic ttyS0

ubuntu-bionic login: [   48.004620] cloud-init[1877]: Cloud-init v. 23.1.2-0ubuntu0~18.04.1 running 'modules:config' at Sun, 01 Oct 2023 09:48:26 +0000. Up 46.69 seconds.
ci-info: no authorized SSH keys fingerprints found for user ubuntu.
<14>Oct  1 09:48:30 cloud-init: #############################################################
<14>Oct  1 09:48:30 cloud-init: -----BEGIN SSH HOST KEY FINGERPRINTS-----
<14>Oct  1 09:48:30 cloud-init: 1024 SHA256:auz3S9ut/iy0ugwe4GmJCIvByMjMKQudzHWhg+40PJI root@ubuntu-bionic (DSA)
<14>Oct  1 09:48:30 cloud-init: 256 SHA256:6YcXAUqzrJjcYFD9xnXr4IQTcetRh5brFuPDX3DyJw8 root@ubuntu-bionic (ECDSA)
<14>Oct  1 09:48:30 cloud-init: 256 SHA256:uUhELfdPvSt8K5r46mLESCzaewgqaRLi6Lq3tLhTk9w root@ubuntu-bionic (ED25519)
<14>Oct  1 09:48:30 cloud-init: 2048 SHA256:rymbbgXrF5j0OtaHfNdW9yzRSIBixT8+agVlV1DHsMk root@ubuntu-bionic (RSA)
<14>Oct  1 09:48:30 cloud-init: -----END SSH HOST KEY FINGERPRINTS-----
<14>Oct  1 09:48:30 cloud-init: #############################################################
-----BEGIN SSH HOST KEY KEYS-----
ecdsa-sha2-nistp256 AAAAE2VjZHNhLXNoYTItbmlzdHAyNTYAAAAIbmlzdHAyNTYAAABBBEIOhcHmMQyoqjEOaNhP8UzC3QI680jHUZ5tBrWCbDU2G0YsTNdQeD1y5lJzHrLxasT5mRUVi8UBiGJWeCe2l2w= root@ubuntu-bionic
ssh-ed25519 AAAAC3NzaC1lZDI1NTE5AAAAIHW3U1SpPPMqA5CQ9HCdf1liHKdrndMnQQKNpsEZhNhb root@ubuntu-bionic
ssh-rsa AAAAB3NzaC1yc2EAAAADAQABAAABAQDGZ5Jy3b7wfAN+QNMif86UBue7m73XQte3hosC8o1rsjO/FYu4VF0sU5yuNlWJ1TC0k4GdbolHYf+6uyXJSG5KJVdfVJ+GRm43XQ/X34RRrfDWbuBwfSvfEQV02xkedhoHliZZHCTxsbaK9PvkUVW/Bo30ducgqK9ri6SGdeVyqv6FtcA3ULoEVMM36fJi+q/mY5LEmwcRfG/3wKSDOc5Exx3pSfdm6fet64Y6OjiuHkRAcr15odVVMWC/cFdgCjd5BQYqe1BfDQtRcY6ePVRhigt5nfSXGF3CYUTQNdjAGe+eksRPgfcKcmzX2c8LDcXlUMF2MoxSEpWx/I8Fa+01 root@ubuntu-bionic
-----END SSH HOST KEY KEYS-----
[   50.511473] cloud-init[2035]: Cloud-init v. 23.1.2-0ubuntu0~18.04.1 running 'modules:final' at Sun, 01 Oct 2023 09:48:29 +0000. Up 49.71 seconds.
[   50.511748] cloud-init[2035]: Cloud-init v. 23.1.2-0ubuntu0~18.04.1 finished at Sun, 01 Oct 2023 09:48:30 +0000. Datasource DataSourceNoCloud [seed=/dev/sdb][dsmode=net].  Up 50.48 seconds
         Starting Update APT News...
         Starting Update the local ESM caches...
[[0;32m  OK  [0m] Started Execute cloud user/final scripts.
[[0;32m  OK  [0m] Reached target Cloud-init target.
[[0;32m  OK  [0m] Started Update APT News.
[[0;32m  OK  [0m] Started Update the local ESM caches.
